\BOOKMARK [0][-]{chapter*.1}{\376\377\000A\000b\000s\000t\000r\000a\000c\000t}{}% 1
\BOOKMARK [0][-]{chapter*.1}{\376\377\000D\000e\000c\000l\000a\000r\000a\000t\000i\000o\000n\000\040\000o\000f\000\040\000A\000I\000\040\000U\000s\000e}{}% 2
\BOOKMARK [0][-]{chapter*.2}{\376\377\000A\000c\000k\000n\000o\000w\000l\000e\000d\000g\000e\000m\000e\000n\000t\000s}{}% 3
\BOOKMARK [0][-]{chapter*.4}{\376\377\000L\000i\000s\000t\000\040\000o\000f\000\040\000F\000i\000g\000u\000r\000e\000s}{}% 4
\BOOKMARK [0][-]{chapter*.5}{\376\377\000L\000i\000s\000t\000\040\000o\000f\000\040\000T\000a\000b\000l\000e\000s}{}% 5
\BOOKMARK [0][-]{chapter*.6}{\376\377\000L\000i\000s\000t\000\040\000o\000f\000\040\000A\000b\000b\000r\000e\000v\000i\000a\000t\000i\000o\000n\000s}{}% 6
\BOOKMARK [0][-]{chapter.1}{\376\377\000I\000n\000t\000r\000o\000d\000u\000c\000t\000i\000o\000n}{}% 7
\BOOKMARK [1][-]{section.1.1}{\376\377\000B\000a\000c\000k\000g\000r\000o\000u\000n\000d}{chapter.1}% 8
\BOOKMARK [1][-]{section.1.2}{\376\377\000A\000i\000m\000s\000\040\000a\000n\000d\000\040\000O\000b\000j\000e\000c\000t\000i\000v\000e\000s}{chapter.1}% 9
\BOOKMARK [1][-]{section.1.3}{\376\377\000M\000e\000t\000h\000o\000d\000o\000l\000o\000g\000y}{chapter.1}% 10
\BOOKMARK [1][-]{section.1.4}{\376\377\000R\000e\000p\000o\000r\000t\000\040\000R\000o\000a\000d\000m\000a\000p}{chapter.1}% 11
\BOOKMARK [0][-]{chapter.2}{\376\377\000L\000i\000t\000e\000r\000a\000t\000u\000r\000e\000\040\000R\000e\000v\000i\000e\000w}{}% 12
\BOOKMARK [1][-]{section.2.1}{\376\377\000R\000e\000m\000a\000i\000n\000i\000n\000g\000\040\000U\000s\000e\000f\000u\000l\000\040\000L\000i\000f\000e\000\040\000P\000r\000e\000d\000i\000c\000t\000i\000o\000n}{chapter.2}% 13
\BOOKMARK [2][-]{subsection.2.1.1}{\376\377\000T\000h\000e\000\040\000C\000-\000M\000A\000P\000S\000S\000\040\000B\000e\000n\000c\000h\000m\000a\000r\000k}{section.2.1}% 14
\BOOKMARK [2][-]{subsection.2.1.2}{\376\377\000C\000l\000a\000s\000s\000i\000c\000a\000l\000\040\000a\000n\000d\000\040\000S\000t\000a\000t\000i\000s\000t\000i\000c\000a\000l\000\040\000A\000p\000p\000r\000o\000a\000c\000h\000e\000s}{section.2.1}% 15
\BOOKMARK [2][-]{subsection.2.1.3}{\376\377\000R\000e\000c\000u\000r\000r\000e\000n\000t\000\040\000N\000e\000u\000r\000a\000l\000\040\000N\000e\000t\000w\000o\000r\000k\000s\000\040\000a\000n\000d\000\040\000L\000S\000T\000M\000s}{section.2.1}% 16
\BOOKMARK [2][-]{subsection.2.1.4}{\376\377\000C\000o\000n\000v\000o\000l\000u\000t\000i\000o\000n\000a\000l\000\040\000a\000n\000d\000\040\000T\000r\000a\000n\000s\000f\000o\000r\000m\000e\000r\000-\000B\000a\000s\000e\000d\000\040\000A\000p\000p\000r\000o\000a\000c\000h\000e\000s}{section.2.1}% 17
\BOOKMARK [2][-]{subsection.2.1.5}{\376\377\000T\000h\000e\000\040\000P\000r\000e\000d\000i\000c\000t\000i\000o\000n\000-\000t\000o\000-\000A\000c\000t\000i\000o\000n\000\040\000G\000a\000p}{section.2.1}% 18
\BOOKMARK [1][-]{section.2.2}{\376\377\000U\000n\000c\000e\000r\000t\000a\000i\000n\000t\000y\000\040\000Q\000u\000a\000n\000t\000i\000f\000i\000c\000a\000t\000i\000o\000n\000\040\000i\000n\000\040\000D\000e\000e\000p\000\040\000L\000e\000a\000r\000n\000i\000n\000g}{chapter.2}% 19
\BOOKMARK [2][-]{subsection.2.2.1}{\376\377\000S\000o\000u\000r\000c\000e\000s\000\040\000o\000f\000\040\000U\000n\000c\000e\000r\000t\000a\000i\000n\000t\000y}{section.2.2}% 20
\BOOKMARK [2][-]{subsection.2.2.2}{\376\377\000B\000a\000y\000e\000s\000i\000a\000n\000\040\000N\000e\000u\000r\000a\000l\000\040\000N\000e\000t\000w\000o\000r\000k\000s}{section.2.2}% 21
\BOOKMARK [2][-]{subsection.2.2.3}{\376\377\000M\000o\000n\000t\000e\000\040\000C\000a\000r\000l\000o\000\040\000D\000r\000o\000p\000o\000u\000t}{section.2.2}% 22
\BOOKMARK [2][-]{subsection.2.2.4}{\376\377\000D\000e\000e\000p\000\040\000E\000n\000s\000e\000m\000b\000l\000e\000s}{section.2.2}% 23
\BOOKMARK [2][-]{subsection.2.2.5}{\376\377\000U\000n\000c\000e\000r\000t\000a\000i\000n\000t\000y\000\040\000i\000n\000\040\000P\000r\000e\000d\000i\000c\000t\000i\000v\000e\000\040\000M\000a\000i\000n\000t\000e\000n\000a\000n\000c\000e}{section.2.2}% 24
\BOOKMARK [1][-]{section.2.3}{\376\377\000R\000e\000i\000n\000f\000o\000r\000c\000e\000m\000e\000n\000t\000\040\000L\000e\000a\000r\000n\000i\000n\000g\000\040\000f\000o\000r\000\040\000P\000r\000e\000d\000i\000c\000t\000i\000v\000e\000\040\000M\000a\000i\000n\000t\000e\000n\000a\000n\000c\000e}{chapter.2}% 25
\BOOKMARK [2][-]{subsection.2.3.1}{\376\377\000M\000a\000i\000n\000t\000e\000n\000a\000n\000c\000e\000\040\000a\000s\000\040\000a\000\040\000M\000a\000r\000k\000o\000v\000\040\000D\000e\000c\000i\000s\000i\000o\000n\000\040\000P\000r\000o\000c\000e\000s\000s}{section.2.3}% 26
\BOOKMARK [2][-]{subsection.2.3.2}{\376\377\000D\000e\000e\000p\000\040\000Q\000-\000N\000e\000t\000w\000o\000r\000k\000s}{section.2.3}% 27
\BOOKMARK [2][-]{subsection.2.3.3}{\376\377\000A\000l\000t\000e\000r\000n\000a\000t\000i\000v\000e\000\040\000R\000L\000\040\000A\000p\000p\000r\000o\000a\000c\000h\000e\000s}{section.2.3}% 28
\BOOKMARK [2][-]{subsection.2.3.4}{\376\377\000N\000o\000i\000s\000e\000\040\000A\000u\000g\000m\000e\000n\000t\000a\000t\000i\000o\000n\000\040\000a\000n\000d\000\040\000D\000o\000m\000a\000i\000n\000\040\000R\000a\000n\000d\000o\000m\000i\000s\000a\000t\000i\000o\000n}{section.2.3}% 29
\BOOKMARK [1][-]{section.2.4}{\376\377\000S\000a\000f\000e\000t\000y\000\040\000M\000e\000c\000h\000a\000n\000i\000s\000m\000s\000\040\000i\000n\000\040\000A\000u\000t\000o\000n\000o\000m\000o\000u\000s\000\040\000D\000e\000c\000i\000s\000i\000o\000n\000\040\000S\000y\000s\000t\000e\000m\000s}{chapter.2}% 30
\BOOKMARK [2][-]{subsection.2.4.1}{\376\377\000S\000a\000f\000e\000\040\000R\000e\000i\000n\000f\000o\000r\000c\000e\000m\000e\000n\000t\000\040\000L\000e\000a\000r\000n\000i\000n\000g}{section.2.4}% 31
\BOOKMARK [2][-]{subsection.2.4.2}{\376\377\000H\000i\000e\000r\000a\000r\000c\000h\000i\000c\000a\000l\000\040\000S\000a\000f\000e\000t\000y\000\040\000A\000r\000c\000h\000i\000t\000e\000c\000t\000u\000r\000e\000s}{section.2.4}% 32
\BOOKMARK [2][-]{subsection.2.4.3}{\376\377\000U\000n\000c\000e\000r\000t\000a\000i\000n\000t\000y\000-\000A\000w\000a\000r\000e\000\040\000S\000a\000f\000e\000t\000y}{section.2.4}% 33
\BOOKMARK [1][-]{section.2.5}{\376\377\000S\000y\000n\000t\000h\000e\000s\000i\000s\000\040\000a\000n\000d\000\040\000R\000e\000s\000e\000a\000r\000c\000h\000\040\000G\000a\000p\000s}{chapter.2}% 34
\BOOKMARK [0][-]{chapter.3}{\376\377\000R\000e\000q\000u\000i\000r\000e\000m\000e\000n\000t\000s\000\040\000A\000n\000a\000l\000y\000s\000i\000s\000\040\000a\000n\000d\000\040\000D\000e\000s\000i\000g\000n}{}% 35
\BOOKMARK [1][-]{section.3.1}{\376\377\000R\000e\000q\000u\000i\000r\000e\000m\000e\000n\000t\000s\000\040\000E\000l\000i\000c\000i\000t\000a\000t\000i\000o\000n}{chapter.3}% 36
\BOOKMARK [1][-]{section.3.2}{\376\377\000A\000s\000s\000u\000m\000p\000t\000i\000o\000n\000s\000\040\000a\000n\000d\000\040\000C\000o\000n\000s\000t\000r\000a\000i\000n\000t\000s}{chapter.3}% 37
\BOOKMARK [1][-]{section.3.3}{\376\377\000F\000u\000n\000c\000t\000i\000o\000n\000a\000l\000\040\000R\000e\000q\000u\000i\000r\000e\000m\000e\000n\000t\000s}{chapter.3}% 38
\BOOKMARK [1][-]{section.3.4}{\376\377\000N\000o\000n\000-\000F\000u\000n\000c\000t\000i\000o\000n\000a\000l\000\040\000R\000e\000q\000u\000i\000r\000e\000m\000e\000n\000t\000s}{chapter.3}% 39
\BOOKMARK [1][-]{section.3.5}{\376\377\000S\000y\000s\000t\000e\000m\000\040\000A\000r\000c\000h\000i\000t\000e\000c\000t\000u\000r\000e}{chapter.3}% 40
\BOOKMARK [2][-]{subsection.3.5.1}{\376\377\000L\000a\000y\000e\000r\000\040\0001\000:\000\040\000L\000S\000T\000M\000\040\000D\000e\000e\000p\000\040\000E\000n\000s\000e\000m\000b\000l\000e}{section.3.5}% 41
\BOOKMARK [2][-]{subsection.3.5.2}{\376\377\000L\000a\000y\000e\000r\000\040\0002\000:\000\040\000D\000e\000e\000p\000\040\000Q\000-\000N\000e\000t\000w\000o\000r\000k\000\040\000A\000g\000e\000n\000t}{section.3.5}% 42
\BOOKMARK [2][-]{subsection.3.5.3}{\376\377\000L\000a\000y\000e\000r\000\040\0003\000:\000\040\000S\000a\000f\000e\000t\000y\000\040\000S\000u\000p\000e\000r\000v\000i\000s\000o\000r}{section.3.5}% 43
\BOOKMARK [2][-]{subsection.3.5.4}{\376\377\000A\000b\000l\000a\000t\000i\000o\000n\000\040\000S\000t\000u\000d\000y\000\040\000D\000e\000s\000i\000g\000n}{section.3.5}% 44
\BOOKMARK [1][-]{section.3.6}{\376\377\000C\000o\000n\000c\000l\000u\000s\000i\000o\000n\000s}{chapter.3}% 45
\BOOKMARK [0][-]{chapter.4}{\376\377\000I\000m\000p\000l\000e\000m\000e\000n\000t\000a\000t\000i\000o\000n}{}% 46
\BOOKMARK [1][-]{section.4.1}{\376\377\000C\000o\000d\000e\000\040\000R\000e\000p\000o\000s\000i\000t\000o\000r\000y\000\040\000O\000u\000t\000l\000i\000n\000e}{chapter.4}% 47
\BOOKMARK [1][-]{section.4.2}{\376\377\000D\000a\000t\000a\000\040\000P\000i\000p\000e\000l\000i\000n\000e}{chapter.4}% 48
\BOOKMARK [1][-]{section.4.3}{\376\377\000L\000S\000T\000M\000\040\000E\000n\000s\000e\000m\000b\000l\000e\000\040\000T\000r\000a\000i\000n\000i\000n\000g}{chapter.4}% 49
\BOOKMARK [1][-]{section.4.4}{\376\377\000G\000y\000m\000n\000a\000s\000i\000u\000m\000\040\000R\000e\000i\000n\000f\000o\000r\000c\000e\000m\000e\000n\000t\000\040\000L\000e\000a\000r\000n\000i\000n\000g\000\040\000E\000n\000v\000i\000r\000o\000n\000m\000e\000n\000t}{chapter.4}% 50
\BOOKMARK [1][-]{section.4.5}{\376\377\000D\000Q\000N\000\040\000A\000g\000e\000n\000t\000\040\000T\000r\000a\000i\000n\000i\000n\000g}{chapter.4}% 51
\BOOKMARK [1][-]{section.4.6}{\376\377\000S\000a\000f\000e\000t\000y\000\040\000S\000u\000p\000e\000r\000v\000i\000s\000o\000r}{chapter.4}% 52
\BOOKMARK [1][-]{section.4.7}{\376\377\000I\000n\000t\000e\000r\000a\000c\000t\000i\000v\000e\000\040\000D\000a\000s\000h\000b\000o\000a\000r\000d}{chapter.4}% 53
\BOOKMARK [1][-]{section.4.8}{\376\377\000I\000m\000p\000l\000e\000m\000e\000n\000t\000a\000t\000i\000o\000n\000\040\000C\000h\000a\000l\000l\000e\000n\000g\000e\000s}{chapter.4}% 54
\BOOKMARK [1][-]{section.4.9}{\376\377\000T\000e\000s\000t\000i\000n\000g}{chapter.4}% 55
\BOOKMARK [1][-]{section.4.10}{\376\377\000C\000o\000n\000c\000l\000u\000s\000i\000o\000n}{chapter.4}% 56
\BOOKMARK [0][-]{chapter.5}{\376\377\000R\000e\000s\000u\000l\000t\000s\000\040\000a\000n\000d\000\040\000E\000v\000a\000l\000u\000a\000t\000i\000o\000n}{}% 57
\BOOKMARK [1][-]{section.5.1}{\376\377\000R\000e\000s\000u\000l\000t\000s}{chapter.5}% 58
\BOOKMARK [2][-]{subsection.5.1.1}{\376\377\000E\000x\000p\000e\000r\000i\000m\000e\000n\000t\000\040\0001\000:\000\040\000L\000a\000y\000e\000r\000\040\0002\000\040\000I\000s\000o\000l\000a\000t\000i\000o\000n}{section.5.1}% 59
\BOOKMARK [2][-]{subsection.5.1.2}{\376\377\000E\000x\000p\000e\000r\000i\000m\000e\000n\000t\000\040\0002\000:\000\040\000F\000u\000l\000l\000\040\000T\000h\000r\000e\000e\000-\000L\000a\000y\000e\000r\000\040\000S\000y\000s\000t\000e\000m}{section.5.1}% 60
\BOOKMARK [2][-]{subsection.5.1.3}{\376\377\000E\000x\000p\000e\000r\000i\000m\000e\000n\000t\000\040\0003\000:\000\040\000A\000u\000t\000o\000n\000o\000m\000y\000\040\000a\000n\000d\000\040\000S\000a\000f\000e\000t\000y\000\040\000C\000o\000n\000t\000r\000i\000b\000u\000t\000i\000o\000n\000\040\000A\000n\000a\000l\000y\000s\000i\000s}{section.5.1}% 61
\BOOKMARK [2][-]{subsection.5.1.4}{\376\377\000T\000h\000r\000e\000s\000h\000o\000l\000d\000\040\000B\000a\000s\000e\000l\000i\000n\000e\000\040\000C\000o\000m\000p\000a\000r\000i\000s\000o\000n}{section.5.1}% 62
\BOOKMARK [2][-]{subsection.5.1.5}{\376\377\000F\000i\000n\000a\000n\000c\000i\000a\000l\000\040\000I\000m\000p\000a\000c\000t\000\040\000A\000n\000a\000l\000y\000s\000i\000s}{section.5.1}% 63
\BOOKMARK [2][-]{subsection.5.1.6}{\376\377\000R\000e\000s\000u\000l\000t\000s\000\040\000S\000u\000m\000m\000a\000r\000y}{section.5.1}% 64
\BOOKMARK [1][-]{section.5.2}{\376\377\000E\000v\000a\000l\000u\000a\000t\000i\000o\000n}{chapter.5}% 65
\BOOKMARK [2][-]{subsection.5.2.1}{\376\377\000E\000v\000a\000l\000u\000a\000t\000i\000o\000n\000\040\000C\000r\000i\000t\000e\000r\000i\000a}{section.5.2}% 66
\BOOKMARK [2][-]{subsection.5.2.2}{\376\377\000A\000c\000h\000i\000e\000v\000e\000m\000e\000n\000t\000\040\000o\000f\000\040\000P\000r\000o\000j\000e\000c\000t\000\040\000O\000b\000j\000e\000c\000t\000i\000v\000e\000s}{section.5.2}% 67
\BOOKMARK [2][-]{subsection.5.2.3}{\376\377\000C\000r\000i\000t\000i\000c\000a\000l\000\040\000A\000s\000s\000e\000s\000s\000m\000e\000n\000t}{section.5.2}% 68
\BOOKMARK [2][-]{subsection.5.2.4}{\376\377\000C\000o\000m\000p\000a\000r\000i\000s\000o\000n\000\040\000w\000i\000t\000h\000\040\000E\000x\000i\000s\000t\000i\000n\000g\000\040\000W\000o\000r\000k}{section.5.2}% 69
\BOOKMARK [2][-]{subsection.5.2.5}{\376\377\000L\000i\000m\000i\000t\000a\000t\000i\000o\000n\000s}{section.5.2}% 70
\BOOKMARK [1][-]{section.5.3}{\376\377\000C\000o\000n\000c\000l\000u\000s\000i\000o\000n}{chapter.5}% 71
\BOOKMARK [0][-]{chapter.6}{\376\377\000L\000e\000g\000a\000l\000,\000\040\000S\000o\000c\000i\000a\000l\000,\000\040\000E\000t\000h\000i\000c\000a\000l\000\040\000a\000n\000d\000\040\000P\000r\000o\000f\000e\000s\000s\000i\000o\000n\000a\000l\000\040\000I\000s\000s\000u\000e\000s}{}% 72
\BOOKMARK [1][-]{section.6.1}{\376\377\000D\000a\000t\000a\000\040\000P\000r\000o\000t\000e\000c\000t\000i\000o\000n\000\040\000a\000n\000d\000\040\000P\000r\000i\000v\000a\000c\000y}{chapter.6}% 73
\BOOKMARK [1][-]{section.6.2}{\376\377\000A\000e\000r\000o\000s\000p\000a\000c\000e\000\040\000S\000a\000f\000e\000t\000y\000\040\000R\000e\000g\000u\000l\000a\000t\000i\000o\000n\000\040\000a\000n\000d\000\040\000C\000e\000r\000t\000i\000f\000i\000c\000a\000t\000i\000o\000n}{chapter.6}% 74
\BOOKMARK [1][-]{section.6.3}{\376\377\000L\000i\000a\000b\000i\000l\000i\000t\000y\000\040\000a\000n\000d\000\040\000A\000c\000c\000o\000u\000n\000t\000a\000b\000i\000l\000i\000t\000y}{chapter.6}% 75
\BOOKMARK [1][-]{section.6.4}{\376\377\000S\000o\000c\000i\000a\000l\000\040\000I\000m\000p\000a\000c\000t\000\040\000a\000n\000d\000\040\000W\000o\000r\000k\000f\000o\000r\000c\000e\000\040\000I\000m\000p\000l\000i\000c\000a\000t\000i\000o\000n\000s}{chapter.6}% 76
\BOOKMARK [1][-]{section.6.5}{\376\377\000E\000t\000h\000i\000c\000a\000l\000\040\000C\000o\000n\000s\000i\000d\000e\000r\000a\000t\000i\000o\000n\000s\000\040\000i\000n\000\040\000A\000u\000t\000o\000n\000o\000m\000o\000u\000s\000\040\000D\000e\000c\000i\000s\000i\000o\000n\000-\000M\000a\000k\000i\000n\000g}{chapter.6}% 77
\BOOKMARK [1][-]{section.6.6}{\376\377\000P\000r\000o\000f\000e\000s\000s\000i\000o\000n\000a\000l\000\040\000S\000t\000a\000n\000d\000a\000r\000d\000s}{chapter.6}% 78
\BOOKMARK [1][-]{section.6.7}{\376\377\000C\000o\000m\000m\000e\000r\000c\000i\000a\000l\000\040\000D\000e\000p\000l\000o\000y\000m\000e\000n\000t\000\040\000C\000o\000n\000s\000i\000d\000e\000r\000a\000t\000i\000o\000n\000s}{chapter.6}% 79
\BOOKMARK [1][-]{section.6.8}{\376\377\000C\000o\000n\000c\000l\000u\000s\000i\000o\000n}{chapter.6}% 80
\BOOKMARK [0][-]{chapter.7}{\376\377\000C\000o\000n\000c\000l\000u\000s\000i\000o\000n}{}% 81
\BOOKMARK [1][-]{section.7.1}{\376\377\000S\000u\000m\000m\000a\000r\000y\000\040\000o\000f\000\040\000W\000o\000r\000k}{chapter.7}% 82
\BOOKMARK [1][-]{section.7.2}{\376\377\000A\000c\000h\000i\000e\000v\000e\000m\000e\000n\000t\000\040\000o\000f\000\040\000O\000b\000j\000e\000c\000t\000i\000v\000e\000s}{chapter.7}% 83
\BOOKMARK [1][-]{section.7.3}{\376\377\000K\000e\000y\000\040\000C\000o\000n\000t\000r\000i\000b\000u\000t\000i\000o\000n\000s}{chapter.7}% 84
\BOOKMARK [1][-]{section.7.4}{\376\377\000L\000i\000m\000i\000t\000a\000t\000i\000o\000n\000s}{chapter.7}% 85
\BOOKMARK [1][-]{section.7.5}{\376\377\000F\000u\000t\000u\000r\000e\000\040\000W\000o\000r\000k}{chapter.7}% 86
\BOOKMARK [1][-]{section.7.6}{\376\377\000R\000e\000f\000l\000e\000c\000t\000i\000v\000e\000\040\000S\000t\000a\000t\000e\000m\000e\000n\000t}{chapter.7}% 87
\BOOKMARK [0][-]{appendix.A}{\376\377\000P\000r\000o\000j\000e\000c\000t\000\040\000P\000r\000o\000p\000o\000s\000a\000l}{}% 88
\BOOKMARK [0][-]{appendix.B}{\376\377\000E\000x\000t\000e\000n\000d\000e\000d\000\040\000E\000x\000p\000e\000r\000i\000m\000e\000n\000t\000\040\000D\000a\000t\000a}{}% 89
\BOOKMARK [0][-]{appendix.C}{\376\377\000K\000e\000y\000\040\000S\000o\000u\000r\000c\000e\000\040\000C\000o\000d\000e}{}% 90
\BOOKMARK [0][-]{appendix.D}{\376\377\000H\000y\000p\000e\000r\000p\000a\000r\000a\000m\000e\000t\000e\000r\000\040\000C\000o\000n\000f\000i\000g\000u\000r\000a\000t\000i\000o\000n}{}% 91
\BOOKMARK [0][-]{appendix.E}{\376\377\000A\000d\000d\000i\000t\000i\000o\000n\000a\000l\000\040\000V\000i\000s\000u\000a\000l\000i\000s\000a\000t\000i\000o\000n\000s}{}% 92
\BOOKMARK [0][-]{appendix.F}{\376\377\000T\000e\000s\000t\000i\000n\000g\000\040\000D\000o\000c\000u\000m\000e\000n\000t\000a\000t\000i\000o\000n}{}% 93
\BOOKMARK [0][-]{appendix.G}{\376\377\000E\000x\000t\000e\000n\000d\000e\000d\000\040\000I\000m\000p\000l\000e\000m\000e\000n\000t\000a\000t\000i\000o\000n\000\040\000D\000e\000t\000a\000i\000l\000s}{}% 94
\BOOKMARK [0][-]{appendix.H}{\376\377\000E\000m\000p\000i\000r\000i\000c\000a\000l\000\040\000A\000n\000a\000l\000y\000s\000i\000s\000:\000\040\000C\000a\000l\000i\000b\000r\000a\000t\000i\000o\000n\000,\000\040\000P\000o\000l\000i\000c\000y\000,\000\040\000a\000n\000d\000\040\000T\000r\000a\000i\000n\000i\000n\000g\000\040\000D\000y\000n\000a\000m\000i\000c\000s}{}% 95
\BOOKMARK [0][-]{appendix.I}{\376\377\000O\000r\000i\000g\000i\000n\000a\000l\000\040\000C\000o\000n\000t\000r\000i\000b\000u\000t\000i\000o\000n\000s}{}% 96
