This is pdfTeX, Version 3.141592653-2.6-1.40.29 (MiKTeX 26.2) (preloaded format=pdflatex 2026.3.10)  7 APR 2026 10:22
entering extended mode
 restricted \write18 enabled.
 file:line:error style messages enabled.
 %&-line parsing enabled.
**"c:/Users/Abhishek Soni/OneDrive/Desktop/FINAL_FYP/main.tex"
(c:/Users/Abhishek Soni/OneDrive/Desktop/FINAL_FYP/main.tex
LaTeX2e <2025-11-01>
L3 programming layer <2025-12-24>

(C:\Users\Abhishek Soni\AppData\Local\Programs\MiKTeX\tex/latex/base\report.cls
Document Class: report 2025/01/22 v1.4n Standard LaTeX document class

(C:\Users\Abhishek Soni\AppData\Local\Programs\MiKTeX\tex/latex/base\size12.clo
File: size12.clo 2025/01/22 v1.4n Standard LaTeX file (size option)
)
\c@part=\count275
\c@chapter=\count276
\c@section=\count277
\c@subsection=\count278
\c@subsubsection=\count279
\c@paragraph=\count280
\c@subparagraph=\count281
\c@figure=\count282
\c@table=\count283
\abovecaptionskip=\skip49
\belowcaptionskip=\skip50
\bibindent=\dimen148
)
(C:\Users\Abhishek Soni\AppData\Local\Programs\MiKTeX\tex/latex/base\inputenc.s
ty
Package: inputenc 2024/02/08 v1.3d Input encoding file
\inpenc@prehook=\toks17
\inpenc@posthook=\toks18
)
(C:\Users\Abhishek Soni\AppData\Local\Programs\MiKTeX\tex/latex/graphics\graphi
cx.sty
Package: graphicx 2024/12/31 v1.2e Enhanced LaTeX Graphics (DPC,SPQR)

(C:\Users\Abhishek Soni\AppData\Local\Programs\MiKTeX\tex/latex/graphics\keyval
.sty
Package: keyval 2022/05/29 v1.15 key=value parser (DPC)
\KV@toks@=\toks19
)
(C:\Users\Abhishek Soni\AppData\Local\Programs\MiKTeX\tex/latex/graphics\graphi
cs.sty
Package: graphics 2024/08/06 v1.4g Standard LaTeX Graphics (DPC,SPQR)

(C:\Users\Abhishek Soni\AppData\Local\Programs\MiKTeX\tex/latex/graphics\trig.s
ty
Package: trig 2023/12/02 v1.11 sin cos tan (DPC)
)
(C:\Users\Abhishek Soni\AppData\Local\Programs\MiKTeX\tex/latex/graphics-cfg\gr
aphics.cfg
File: graphics.cfg 2016/06/04 v1.11 sample graphics configuration
)
Package graphics Info: Driver file: pdftex.def on input line 106.

(C:\Users\Abhishek Soni\AppData\Local\Programs\MiKTeX\tex/latex/graphics-def\pd
ftex.def
File: pdftex.def 2025/09/29 v1.2d Graphics/color driver for pdftex
))
\Gin@req@height=\dimen149
\Gin@req@width=\dimen150
)
(C:\Users\Abhishek Soni\AppData\Local\Programs\MiKTeX\tex/latex/float\float.sty
Package: float 2001/11/08 v1.3d Float enhancements (AL)
\c@float@type=\count284
\float@exts=\toks20
\float@box=\box53
\@float@everytoks=\toks21
\@floatcapt=\box54
)
(C:\Users\Abhishek Soni\AppData\Local\Programs\MiKTeX\tex/latex/hyperref\hyperr
ef.sty
Package: hyperref 2025-07-12 v7.01o Hypertext links for LaTeX

(C:\Users\Abhishek Soni\AppData\Local\Programs\MiKTeX\tex/generic/iftex\iftex.s
ty
Package: iftex 2024/12/12 v1.0g TeX engine tests
)
(C:\Users\Abhishek Soni\AppData\Local\Programs\MiKTeX\tex/latex/kvsetkeys\kvset
keys.sty
Package: kvsetkeys 2022-10-05 v1.19 Key value parser (HO)
)
(C:\Users\Abhishek Soni\AppData\Local\Programs\MiKTeX\tex/generic/kvdefinekeys\
kvdefinekeys.sty
Package: kvdefinekeys 2019-12-19 v1.6 Define keys (HO)
)
(C:\Users\Abhishek Soni\AppData\Local\Programs\MiKTeX\tex/generic/pdfescape\pdf
escape.sty
Package: pdfescape 2019/12/09 v1.15 Implements pdfTeX's escape features (HO)

(C:\Users\Abhishek Soni\AppData\Local\Programs\MiKTeX\tex/generic/ltxcmds\ltxcm
ds.sty
Package: ltxcmds 2023-12-04 v1.26 LaTeX kernel commands for general use (HO)
)
(C:\Users\Abhishek Soni\AppData\Local\Programs\MiKTeX\tex/generic/pdftexcmds\pd
ftexcmds.sty
Package: pdftexcmds 2020-06-27 v0.33 Utility functions of pdfTeX for LuaTeX (HO
)

(C:\Users\Abhishek Soni\AppData\Local\Programs\MiKTeX\tex/generic/infwarerr\inf
warerr.sty
Package: infwarerr 2019/12/03 v1.5 Providing info/warning/error messages (HO)
)
Package pdftexcmds Info: \pdf@primitive is available.
Package pdftexcmds Info: \pdf@ifprimitive is available.
Package pdftexcmds Info: \pdfdraftmode found.
))
(C:\Users\Abhishek Soni\AppData\Local\Programs\MiKTeX\tex/latex/hycolor\hycolor
.sty
Package: hycolor 2020-01-27 v1.10 Color options for hyperref/bookmark (HO)
)
(C:\Users\Abhishek Soni\AppData\Local\Programs\MiKTeX\tex/latex/hyperref\namere
f.sty
Package: nameref 2025-06-21 v2.57 Cross-referencing by name of section

(C:\Users\Abhishek Soni\AppData\Local\Programs\MiKTeX\tex/latex/refcount\refcou
nt.sty
Package: refcount 2019/12/15 v3.6 Data extraction from label references (HO)
)
(C:\Users\Abhishek Soni\AppData\Local\Programs\MiKTeX\tex/generic/gettitlestrin
g\gettitlestring.sty
Package: gettitlestring 2019/12/15 v1.6 Cleanup title references (HO)

(C:\Users\Abhishek Soni\AppData\Local\Programs\MiKTeX\tex/latex/kvoptions\kvopt
ions.sty
Package: kvoptions 2022-06-15 v3.15 Key value format for package options (HO)
))
\c@section@level=\count285
)
(C:\Users\Abhishek Soni\AppData\Local\Programs\MiKTeX\tex/latex/etoolbox\etoolb
ox.sty
Package: etoolbox 2025/10/02 v2.5m e-TeX tools for LaTeX (JAW)
\etb@tempcnta=\count286
)
(C:\Users\Abhishek Soni\AppData\Local\Programs\MiKTeX\tex/generic/stringenc\str
ingenc.sty
Package: stringenc 2019/11/29 v1.12 Convert strings between diff. encodings (HO
)
)
\@linkdim=\dimen151
\Hy@linkcounter=\count287
\Hy@pagecounter=\count288

(C:\Users\Abhishek Soni\AppData\Local\Programs\MiKTeX\tex/latex/hyperref\pd1enc
.def
File: pd1enc.def 2025-07-12 v7.01o Hyperref: PDFDocEncoding definition (HO)
Now handling font encoding PD1 ...
... no UTF-8 mapping file for font encoding PD1
)
(C:\Users\Abhishek Soni\AppData\Local\Programs\MiKTeX\tex/generic/intcalc\intca
lc.sty
Package: intcalc 2019/12/15 v1.3 Expandable calculations with integers (HO)
)
\Hy@SavedSpaceFactor=\count289

(C:\Users\Abhishek Soni\AppData\Local\Programs\MiKTeX\tex/latex/hyperref\puenc.
def
File: puenc.def 2025-07-12 v7.01o Hyperref: PDF Unicode definition (HO)
Now handling font encoding PU ...
... no UTF-8 mapping file for font encoding PU
)
Package hyperref Info: Hyper figures OFF on input line 4195.
Package hyperref Info: Link nesting OFF on input line 4200.
Package hyperref Info: Hyper index ON on input line 4203.
Package hyperref Info: Plain pages OFF on input line 4210.
Package hyperref Info: Backreferencing OFF on input line 4215.
Package hyperref Info: Implicit mode ON; LaTeX internals redefined.
Package hyperref Info: Bookmarks ON on input line 4462.
\c@Hy@tempcnt=\count290

(C:\Users\Abhishek Soni\AppData\Local\Programs\MiKTeX\tex/latex/url\url.sty
\Urlmuskip=\muskip17
Package: url 2013/09/16  ver 3.4  Verb mode for urls, etc.
)
LaTeX Info: Redefining \url on input line 4801.
\XeTeXLinkMargin=\dimen152

(C:\Users\Abhishek Soni\AppData\Local\Programs\MiKTeX\tex/generic/bitset\bitset
.sty
Package: bitset 2019/12/09 v1.3 Handle bit-vector datatype (HO)

(C:\Users\Abhishek Soni\AppData\Local\Programs\MiKTeX\tex/generic/bigintcalc\bi
gintcalc.sty
Package: bigintcalc 2019/12/15 v1.5 Expandable calculations on big integers (HO
)
))
\Fld@menulength=\count291
\Field@Width=\dimen153
\Fld@charsize=\dimen154
Package hyperref Info: Hyper figures OFF on input line 6078.
Package hyperref Info: Link nesting OFF on input line 6083.
Package hyperref Info: Hyper index ON on input line 6086.
Package hyperref Info: backreferencing OFF on input line 6093.
Package hyperref Info: Link coloring OFF on input line 6098.
Package hyperref Info: Link coloring with OCG OFF on input line 6103.
Package hyperref Info: PDF/A mode OFF on input line 6108.
\Hy@abspage=\count292
\c@Item=\count293
\c@Hfootnote=\count294
)
Package hyperref Info: Driver (autodetected): hpdftex.

(C:\Users\Abhishek Soni\AppData\Local\Programs\MiKTeX\tex/latex/hyperref\hpdfte
x.def
File: hpdftex.def 2025-07-12 v7.01o Hyperref driver for pdfTeX
\Fld@listcount=\count295
\c@bookmark@seq@number=\count296

(C:\Users\Abhishek Soni\AppData\Local\Programs\MiKTeX\tex/latex/rerunfilecheck\
rerunfilecheck.sty
Package: rerunfilecheck 2025-06-21 v1.11 Rerun checks for auxiliary files (HO)

(C:\Users\Abhishek Soni\AppData\Local\Programs\MiKTeX\tex/generic/uniquecounter
\uniquecounter.sty
Package: uniquecounter 2019/12/15 v1.4 Provide unlimited unique counter (HO)
)
Package uniquecounter Info: New unique counter `rerunfilecheck' on input line 2
84.
)
\Hy@SectionHShift=\skip51
)
(C:\Users\Abhishek Soni\AppData\Local\Programs\MiKTeX\tex/latex/fancyhdr\fancyh
dr.sty
Package: fancyhdr 2025/02/07 v5.2 Extensive control of page headers and footers

\f@nch@headwidth=\skip52
\f@nch@offset@elh=\skip53
\f@nch@offset@erh=\skip54
\f@nch@offset@olh=\skip55
\f@nch@offset@orh=\skip56
\f@nch@offset@elf=\skip57
\f@nch@offset@erf=\skip58
\f@nch@offset@olf=\skip59
\f@nch@offset@orf=\skip60
\f@nch@height=\skip61
\f@nch@footalignment=\skip62
\f@nch@widthL=\skip63
\f@nch@widthC=\skip64
\f@nch@widthR=\skip65
\@temptokenb=\toks22
)
(C:\Users\Abhishek Soni\AppData\Local\Programs\MiKTeX\tex/latex/geometry\geomet
ry.sty
Package: geometry 2020/01/02 v5.9 Page Geometry

(C:\Users\Abhishek Soni\AppData\Local\Programs\MiKTeX\tex/generic/iftex\ifvtex.
sty
Package: ifvtex 2019/10/25 v1.7 ifvtex legacy package. Use iftex instead.
)
\Gm@cnth=\count297
\Gm@cntv=\count298
\c@Gm@tempcnt=\count299
\Gm@bindingoffset=\dimen155
\Gm@wd@mp=\dimen156
\Gm@odd@mp=\dimen157
\Gm@even@mp=\dimen158
\Gm@layoutwidth=\dimen159
\Gm@layoutheight=\dimen160
\Gm@layouthoffset=\dimen161
\Gm@layoutvoffset=\dimen162
\Gm@dimlist=\toks23

(C:\Users\Abhishek Soni\AppData\Local\Programs\MiKTeX\tex/latex/geometry\geomet
ry.cfg))
(C:\Users\Abhishek Soni\AppData\Local\Programs\MiKTeX\tex/latex/titlesec\titles
ec.sty
Package: titlesec 2025/01/04 v2.17 Sectioning titles
\ttl@box=\box55
\beforetitleunit=\skip66
\aftertitleunit=\skip67
\ttl@plus=\dimen163
\ttl@minus=\dimen164
\ttl@toksa=\toks24
\titlewidth=\dimen165
\titlewidthlast=\dimen166
\titlewidthfirst=\dimen167
)
(C:\Users\Abhishek Soni\AppData\Local\Programs\MiKTeX\tex/latex/needspace\needs
pace.sty
Package: needspace 2025/03/13 v1.3e reserve vertical space
)
(C:\Users\Abhishek Soni\AppData\Local\Programs\MiKTeX\tex/latex/enumitem\enumit
em.sty
Package: enumitem 2025/02/06 v3.11 Customized lists
\labelindent=\skip68
\enit@outerparindent=\dimen168
\enit@toks=\toks25
\enit@inbox=\box56
\enit@count@id=\count300
\enitdp@description=\count301
)
(C:\Users\Abhishek Soni\AppData\Local\Programs\MiKTeX\tex/latex/natbib\natbib.s
ty
Package: natbib 2010/09/13 8.31b (PWD, AO)
\bibhang=\skip69
\bibsep=\skip70
LaTeX Info: Redefining \cite on input line 694.
\c@NAT@ctr=\count302
)
(C:\Users\Abhishek Soni\AppData\Local\Programs\MiKTeX\tex/latex/setspace\setspa
ce.sty
Package: setspace 2022/12/04 v6.7b set line spacing
)
(C:\Users\Abhishek Soni\AppData\Local\Programs\MiKTeX\tex/latex/booktabs\bookta
bs.sty
Package: booktabs 2020/01/12 v1.61803398 Publication quality tables
\heavyrulewidth=\dimen169
\lightrulewidth=\dimen170
\cmidrulewidth=\dimen171
\belowrulesep=\dimen172
\belowbottomsep=\dimen173
\aboverulesep=\dimen174
\abovetopsep=\dimen175
\cmidrulesep=\dimen176
\cmidrulekern=\dimen177
\defaultaddspace=\dimen178
\@cmidla=\count303
\@cmidlb=\count304
\@aboverulesep=\dimen179
\@belowrulesep=\dimen180
\@thisruleclass=\count305
\@lastruleclass=\count306
\@thisrulewidth=\dimen181
)
(C:\Users\Abhishek Soni\AppData\Local\Programs\MiKTeX\tex/latex/tools\array.sty
Package: array 2025/09/25 v2.6n Tabular extension package (FMi)
\col@sep=\dimen182
\ar@mcellbox=\box57
\extrarowheight=\dimen183
\NC@list=\toks26
\extratabsurround=\skip71
\backup@length=\skip72
\ar@cellbox=\box58
)
(C:\Users\Abhishek Soni\AppData\Local\Programs\MiKTeX\tex/latex/tools\tabularx.
sty
Package: tabularx 2023/12/11 v2.12a `tabularx' package (DPC)
\TX@col@width=\dimen184
\TX@old@table=\dimen185
\TX@old@col=\dimen186
\TX@target=\dimen187
\TX@delta=\dimen188
\TX@cols=\count307
\TX@ftn=\toks27
)
(C:\Users\Abhishek Soni\AppData\Local\Programs\MiKTeX\tex/latex/multirow\multir
ow.sty
Package: multirow 2024/11/12 v2.9 Span multiple rows of a table
\multirow@colwidth=\skip73
\multirow@cntb=\count308
\multirow@dima=\skip74
\bigstrutjot=\dimen189
)
(C:\Users\Abhishek Soni\AppData\Local\Programs\MiKTeX\tex/latex/tools\longtable
.sty
Package: longtable 2025-10-13 v4.24 Multi-page Table package (DPC)
\LTleft=\skip75
\LTright=\skip76
\LTpre=\skip77
\LTpost=\skip78
\LTchunksize=\count309
\LTcapwidth=\dimen190
\LT@head=\box59
\LT@firsthead=\box60
\LT@foot=\box61
\LT@lastfoot=\box62
\LT@gbox=\box63
\LT@cols=\count310
\LT@rows=\count311
\c@LT@tables=\count312
\c@LT@chunks=\count313
\LT@p@ftn=\toks28
)
(C:\Users\Abhishek Soni\AppData\Local\Programs\MiKTeX\tex/latex/amsmath\amsmath
.sty
Package: amsmath 2025/07/09 v2.17z AMS math features
\@mathmargin=\skip79

For additional information on amsmath, use the `?' option.

(C:\Users\Abhishek Soni\AppData\Local\Programs\MiKTeX\tex/latex/amsmath\amstext
.sty
Package: amstext 2024/11/17 v2.01 AMS text

(C:\Users\Abhishek Soni\AppData\Local\Programs\MiKTeX\tex/latex/amsmath\amsgen.
sty
File: amsgen.sty 1999/11/30 v2.0 generic functions
\@emptytoks=\toks29
\ex@=\dimen191
))
(C:\Users\Abhishek Soni\AppData\Local\Programs\MiKTeX\tex/latex/amsmath\amsbsy.
sty
Package: amsbsy 1999/11/29 v1.2d Bold Symbols
\pmbraise@=\dimen192
)
(C:\Users\Abhishek Soni\AppData\Local\Programs\MiKTeX\tex/latex/amsmath\amsopn.
sty
Package: amsopn 2022/04/08 v2.04 operator names
)
\inf@bad=\count314
LaTeX Info: Redefining \frac on input line 233.
\uproot@=\count315
\leftroot@=\count316
LaTeX Info: Redefining \overline on input line 398.
LaTeX Info: Redefining \colon on input line 409.
\classnum@=\count317
\DOTSCASE@=\count318
LaTeX Info: Redefining \ldots on input line 495.
LaTeX Info: Redefining \dots on input line 498.
LaTeX Info: Redefining \cdots on input line 619.
\Mathstrutbox@=\box64
\strutbox@=\box65
LaTeX Info: Redefining \big on input line 721.
LaTeX Info: Redefining \Big on input line 722.
LaTeX Info: Redefining \bigg on input line 723.
LaTeX Info: Redefining \Bigg on input line 724.
\big@size=\dimen193
LaTeX Font Info:    Redeclaring font encoding OML on input line 742.
LaTeX Font Info:    Redeclaring font encoding OMS on input line 743.
\macc@depth=\count319
LaTeX Info: Redefining \bmod on input line 904.
LaTeX Info: Redefining \pmod on input line 909.
LaTeX Info: Redefining \smash on input line 939.
LaTeX Info: Redefining \relbar on input line 969.
LaTeX Info: Redefining \Relbar on input line 970.
\c@MaxMatrixCols=\count320
\dotsspace@=\muskip18
\c@parentequation=\count321
\dspbrk@lvl=\count322
\tag@help=\toks30
\row@=\count323
\column@=\count324
\maxfields@=\count325
\andhelp@=\toks31
\eqnshift@=\dimen194
\alignsep@=\dimen195
\tagshift@=\dimen196
\tagwidth@=\dimen197
\totwidth@=\dimen198
\lineht@=\dimen199
\@envbody=\toks32
\multlinegap=\skip80
\multlinetaggap=\skip81
\mathdisplay@stack=\toks33
LaTeX Info: Redefining \[ on input line 2950.
LaTeX Info: Redefining \] on input line 2951.
)
(C:\Users\Abhishek Soni\AppData\Local\Programs\MiKTeX\tex/latex/amsfonts\amssym
b.sty
Package: amssymb 2013/01/14 v3.01 AMS font symbols

(C:\Users\Abhishek Soni\AppData\Local\Programs\MiKTeX\tex/latex/amsfonts\amsfon
ts.sty
Package: amsfonts 2013/01/14 v3.01 Basic AMSFonts support
\symAMSa=\mathgroup4
\symAMSb=\mathgroup5
LaTeX Font Info:    Redeclaring math symbol \hbar on input line 98.
LaTeX Font Info:    Overwriting math alphabet `\mathfrak' in version `bold'
(Font)                  U/euf/m/n --> U/euf/b/n on input line 106.
))
(C:\Users\Abhishek Soni\AppData\Local\Programs\MiKTeX\tex/latex/xurl\xurl.sty
Package: xurl 2022/01/09 v 0.10 modify URL breaks
)
(C:\Users\Abhishek Soni\AppData\Local\Programs\MiKTeX\tex/latex/pgf/frontendlay
er\tikz.sty
(C:\Users\Abhishek Soni\AppData\Local\Programs\MiKTeX\tex/latex/pgf/basiclayer\
pgf.sty
(C:\Users\Abhishek Soni\AppData\Local\Programs\MiKTeX\tex/latex/pgf/utilities\p
gfrcs.sty
(C:\Users\Abhishek Soni\AppData\Local\Programs\MiKTeX\tex/generic/pgf/utilities
\pgfutil-common.tex
\pgfutil@everybye=\toks34
\pgfutil@tempdima=\dimen256
\pgfutil@tempdimb=\dimen257
)
(C:\Users\Abhishek Soni\AppData\Local\Programs\MiKTeX\tex/generic/pgf/utilities
\pgfutil-latex.def
\pgfutil@abb=\box66
)
(C:\Users\Abhishek Soni\AppData\Local\Programs\MiKTeX\tex/generic/pgf/utilities
\pgfrcs.code.tex
(C:\Users\Abhishek Soni\AppData\Local\Programs\MiKTeX\tex/generic/pgf\pgf.revis
ion.tex)
Package: pgfrcs 2025-08-29 v3.1.11a (3.1.11a)
))
Package: pgf 2025-08-29 v3.1.11a (3.1.11a)

(C:\Users\Abhishek Soni\AppData\Local\Programs\MiKTeX\tex/latex/pgf/basiclayer\
pgfcore.sty
(C:\Users\Abhishek Soni\AppData\Local\Programs\MiKTeX\tex/latex/pgf/systemlayer
\pgfsys.sty
(C:\Users\Abhishek Soni\AppData\Local\Programs\MiKTeX\tex/generic/pgf/systemlay
er\pgfsys.code.tex
Package: pgfsys 2025-08-29 v3.1.11a (3.1.11a)

(C:\Users\Abhishek Soni\AppData\Local\Programs\MiKTeX\tex/generic/pgf/utilities
\pgfkeys.code.tex
\pgfkeys@pathtoks=\toks35
\pgfkeys@temptoks=\toks36

(C:\Users\Abhishek Soni\AppData\Local\Programs\MiKTeX\tex/generic/pgf/utilities
\pgfkeyslibraryfiltered.code.tex
\pgfkeys@tmptoks=\toks37
))
\pgf@x=\dimen258
\pgf@y=\dimen259
\pgf@xa=\dimen260
\pgf@ya=\dimen261
\pgf@xb=\dimen262
\pgf@yb=\dimen263
\pgf@xc=\dimen264
\pgf@yc=\dimen265
\pgf@xd=\dimen266
\pgf@yd=\dimen267
\w@pgf@writea=\write3
\r@pgf@reada=\read2
\c@pgf@counta=\count326
\c@pgf@countb=\count327
\c@pgf@countc=\count328
\c@pgf@countd=\count329
\t@pgf@toka=\toks38
\t@pgf@tokb=\toks39
\t@pgf@tokc=\toks40
\pgf@sys@id@count=\count330

(C:\Users\Abhishek Soni\AppData\Local\Programs\MiKTeX\tex/generic/pgf/systemlay
er\pgf.cfg
File: pgf.cfg 2025-08-29 v3.1.11a (3.1.11a)
)
Driver file for pgf: pgfsys-pdftex.def

(C:\Users\Abhishek Soni\AppData\Local\Programs\MiKTeX\tex/generic/pgf/systemlay
er\pgfsys-pdftex.def
File: pgfsys-pdftex.def 2025-08-29 v3.1.11a (3.1.11a)

(C:\Users\Abhishek Soni\AppData\Local\Programs\MiKTeX\tex/generic/pgf/systemlay
er\pgfsys-common-pdf.def
File: pgfsys-common-pdf.def 2025-08-29 v3.1.11a (3.1.11a)
)))
(C:\Users\Abhishek Soni\AppData\Local\Programs\MiKTeX\tex/generic/pgf/systemlay
er\pgfsyssoftpath.code.tex
File: pgfsyssoftpath.code.tex 2025-08-29 v3.1.11a (3.1.11a)
\pgfsyssoftpath@smallbuffer@items=\count331
\pgfsyssoftpath@bigbuffer@items=\count332
)
(C:\Users\Abhishek Soni\AppData\Local\Programs\MiKTeX\tex/generic/pgf/systemlay
er\pgfsysprotocol.code.tex
File: pgfsysprotocol.code.tex 2025-08-29 v3.1.11a (3.1.11a)
))
(C:\Users\Abhishek Soni\AppData\Local\Programs\MiKTeX\tex/latex/xcolor\xcolor.s
ty
Package: xcolor 2024/09/29 v3.02 LaTeX color extensions (UK)

(C:\Users\Abhishek Soni\AppData\Local\Programs\MiKTeX\tex/latex/graphics-cfg\co
lor.cfg
File: color.cfg 2016/01/02 v1.6 sample color configuration
)
Package xcolor Info: Driver file: pdftex.def on input line 274.

(C:\Users\Abhishek Soni\AppData\Local\Programs\MiKTeX\tex/latex/graphics\mathco
lor.ltx)
Package xcolor Info: Model `cmy' substituted by `cmy0' on input line 1349.
Package xcolor Info: Model `hsb' substituted by `rgb' on input line 1353.
Package xcolor Info: Model `RGB' extended on input line 1365.
Package xcolor Info: Model `HTML' substituted by `rgb' on input line 1367.
Package xcolor Info: Model `Hsb' substituted by `hsb' on input line 1368.
Package xcolor Info: Model `tHsb' substituted by `hsb' on input line 1369.
Package xcolor Info: Model `HSB' substituted by `hsb' on input line 1370.
Package xcolor Info: Model `Gray' substituted by `gray' on input line 1371.
Package xcolor Info: Model `wave' substituted by `hsb' on input line 1372.
)
(C:\Users\Abhishek Soni\AppData\Local\Programs\MiKTeX\tex/generic/pgf/basiclaye
r\pgfcore.code.tex
Package: pgfcore 2025-08-29 v3.1.11a (3.1.11a)

(C:\Users\Abhishek Soni\AppData\Local\Programs\MiKTeX\tex/generic/pgf/math\pgfm
ath.code.tex
(C:\Users\Abhishek Soni\AppData\Local\Programs\MiKTeX\tex/generic/pgf/math\pgfm
athutil.code.tex)
(C:\Users\Abhishek Soni\AppData\Local\Programs\MiKTeX\tex/generic/pgf/math\pgfm
athparser.code.tex
\pgfmath@dimen=\dimen268
\pgfmath@count=\count333
\pgfmath@box=\box67
\pgfmath@toks=\toks41
\pgfmath@stack@operand=\toks42
\pgfmath@stack@operation=\toks43
)
(C:\Users\Abhishek Soni\AppData\Local\Programs\MiKTeX\tex/generic/pgf/math\pgfm
athfunctions.code.tex)
(C:\Users\Abhishek Soni\AppData\Local\Programs\MiKTeX\tex/generic/pgf/math\pgfm
athfunctions.basic.code.tex)
(C:\Users\Abhishek Soni\AppData\Local\Programs\MiKTeX\tex/generic/pgf/math\pgfm
athfunctions.trigonometric.code.tex)
(C:\Users\Abhishek Soni\AppData\Local\Programs\MiKTeX\tex/generic/pgf/math\pgfm
athfunctions.random.code.tex)
(C:\Users\Abhishek Soni\AppData\Local\Programs\MiKTeX\tex/generic/pgf/math\pgfm
athfunctions.comparison.code.tex)
(C:\Users\Abhishek Soni\AppData\Local\Programs\MiKTeX\tex/generic/pgf/math\pgfm
athfunctions.base.code.tex)
(C:\Users\Abhishek Soni\AppData\Local\Programs\MiKTeX\tex/generic/pgf/math\pgfm
athfunctions.round.code.tex)
(C:\Users\Abhishek Soni\AppData\Local\Programs\MiKTeX\tex/generic/pgf/math\pgfm
athfunctions.misc.code.tex)
(C:\Users\Abhishek Soni\AppData\Local\Programs\MiKTeX\tex/generic/pgf/math\pgfm
athfunctions.integerarithmetics.code.tex)
(C:\Users\Abhishek Soni\AppData\Local\Programs\MiKTeX\tex/generic/pgf/math\pgfm
athcalc.code.tex)
(C:\Users\Abhishek Soni\AppData\Local\Programs\MiKTeX\tex/generic/pgf/math\pgfm
athfloat.code.tex
\c@pgfmathroundto@lastzeros=\count334
))
(C:\Users\Abhishek Soni\AppData\Local\Programs\MiKTeX\tex/generic/pgf/math\pgfi
nt.code.tex)
(C:\Users\Abhishek Soni\AppData\Local\Programs\MiKTeX\tex/generic/pgf/basiclaye
r\pgfcorepoints.code.tex
File: pgfcorepoints.code.tex 2025-08-29 v3.1.11a (3.1.11a)
\pgf@picminx=\dimen269
\pgf@picmaxx=\dimen270
\pgf@picminy=\dimen271
\pgf@picmaxy=\dimen272
\pgf@pathminx=\dimen273
\pgf@pathmaxx=\dimen274
\pgf@pathminy=\dimen275
\pgf@pathmaxy=\dimen276
\pgf@xx=\dimen277
\pgf@xy=\dimen278
\pgf@yx=\dimen279
\pgf@yy=\dimen280
\pgf@zx=\dimen281
\pgf@zy=\dimen282
)
(C:\Users\Abhishek Soni\AppData\Local\Programs\MiKTeX\tex/generic/pgf/basiclaye
r\pgfcorepathconstruct.code.tex
File: pgfcorepathconstruct.code.tex 2025-08-29 v3.1.11a (3.1.11a)
\pgf@path@lastx=\dimen283
\pgf@path@lasty=\dimen284
)
(C:\Users\Abhishek Soni\AppData\Local\Programs\MiKTeX\tex/generic/pgf/basiclaye
r\pgfcorepathusage.code.tex
File: pgfcorepathusage.code.tex 2025-08-29 v3.1.11a (3.1.11a)
\pgf@shorten@end@additional=\dimen285
\pgf@shorten@start@additional=\dimen286
)
(C:\Users\Abhishek Soni\AppData\Local\Programs\MiKTeX\tex/generic/pgf/basiclaye
r\pgfcorescopes.code.tex
File: pgfcorescopes.code.tex 2025-08-29 v3.1.11a (3.1.11a)
\pgfpic=\box68
\pgf@hbox=\box69
\pgf@layerbox@main=\box70
\pgf@picture@serial@count=\count335
)
(C:\Users\Abhishek Soni\AppData\Local\Programs\MiKTeX\tex/generic/pgf/basiclaye
r\pgfcoregraphicstate.code.tex
File: pgfcoregraphicstate.code.tex 2025-08-29 v3.1.11a (3.1.11a)
\pgflinewidth=\dimen287
)
(C:\Users\Abhishek Soni\AppData\Local\Programs\MiKTeX\tex/generic/pgf/basiclaye
r\pgfcoretransformations.code.tex
File: pgfcoretransformations.code.tex 2025-08-29 v3.1.11a (3.1.11a)
\pgf@pt@x=\dimen288
\pgf@pt@y=\dimen289
\pgf@pt@temp=\dimen290
)
(C:\Users\Abhishek Soni\AppData\Local\Programs\MiKTeX\tex/generic/pgf/basiclaye
r\pgfcorequick.code.tex
File: pgfcorequick.code.tex 2025-08-29 v3.1.11a (3.1.11a)
)
(C:\Users\Abhishek Soni\AppData\Local\Programs\MiKTeX\tex/generic/pgf/basiclaye
r\pgfcoreobjects.code.tex
File: pgfcoreobjects.code.tex 2025-08-29 v3.1.11a (3.1.11a)
)
(C:\Users\Abhishek Soni\AppData\Local\Programs\MiKTeX\tex/generic/pgf/basiclaye
r\pgfcorepathprocessing.code.tex
File: pgfcorepathprocessing.code.tex 2025-08-29 v3.1.11a (3.1.11a)
)
(C:\Users\Abhishek Soni\AppData\Local\Programs\MiKTeX\tex/generic/pgf/basiclaye
r\pgfcorearrows.code.tex
File: pgfcorearrows.code.tex 2025-08-29 v3.1.11a (3.1.11a)
\pgfarrowsep=\dimen291
)
(C:\Users\Abhishek Soni\AppData\Local\Programs\MiKTeX\tex/generic/pgf/basiclaye
r\pgfcoreshade.code.tex
File: pgfcoreshade.code.tex 2025-08-29 v3.1.11a (3.1.11a)
\pgf@max=\dimen292
\pgf@sys@shading@range@num=\count336
\pgf@shadingcount=\count337
)
(C:\Users\Abhishek Soni\AppData\Local\Programs\MiKTeX\tex/generic/pgf/basiclaye
r\pgfcoreimage.code.tex
File: pgfcoreimage.code.tex 2025-08-29 v3.1.11a (3.1.11a)
)
(C:\Users\Abhishek Soni\AppData\Local\Programs\MiKTeX\tex/generic/pgf/basiclaye
r\pgfcoreexternal.code.tex
File: pgfcoreexternal.code.tex 2025-08-29 v3.1.11a (3.1.11a)
\pgfexternal@startupbox=\box71
)
(C:\Users\Abhishek Soni\AppData\Local\Programs\MiKTeX\tex/generic/pgf/basiclaye
r\pgfcorelayers.code.tex
File: pgfcorelayers.code.tex 2025-08-29 v3.1.11a (3.1.11a)
)
(C:\Users\Abhishek Soni\AppData\Local\Programs\MiKTeX\tex/generic/pgf/basiclaye
r\pgfcoretransparency.code.tex
File: pgfcoretransparency.code.tex 2025-08-29 v3.1.11a (3.1.11a)
)
(C:\Users\Abhishek Soni\AppData\Local\Programs\MiKTeX\tex/generic/pgf/basiclaye
r\pgfcorepatterns.code.tex
File: pgfcorepatterns.code.tex 2025-08-29 v3.1.11a (3.1.11a)
)
(C:\Users\Abhishek Soni\AppData\Local\Programs\MiKTeX\tex/generic/pgf/basiclaye
r\pgfcorerdf.code.tex
File: pgfcorerdf.code.tex 2025-08-29 v3.1.11a (3.1.11a)
)))
(C:\Users\Abhishek Soni\AppData\Local\Programs\MiKTeX\tex/generic/pgf/modules\p
gfmoduleshapes.code.tex
File: pgfmoduleshapes.code.tex 2025-08-29 v3.1.11a (3.1.11a)
\pgfnodeparttextbox=\box72
)
(C:\Users\Abhishek Soni\AppData\Local\Programs\MiKTeX\tex/generic/pgf/modules\p
gfmoduleplot.code.tex
File: pgfmoduleplot.code.tex 2025-08-29 v3.1.11a (3.1.11a)
)
(C:\Users\Abhishek Soni\AppData\Local\Programs\MiKTeX\tex/latex/pgf/compatibili
ty\pgfcomp-version-0-65.sty
Package: pgfcomp-version-0-65 2025-08-29 v3.1.11a (3.1.11a)
\pgf@nodesepstart=\dimen293
\pgf@nodesepend=\dimen294
)
(C:\Users\Abhishek Soni\AppData\Local\Programs\MiKTeX\tex/latex/pgf/compatibili
ty\pgfcomp-version-1-18.sty
Package: pgfcomp-version-1-18 2025-08-29 v3.1.11a (3.1.11a)
))
(C:\Users\Abhishek Soni\AppData\Local\Programs\MiKTeX\tex/latex/pgf/utilities\p
gffor.sty
(C:\Users\Abhishek Soni\AppData\Local\Programs\MiKTeX\tex/latex/pgf/utilities\p
gfkeys.sty
(C:\Users\Abhishek Soni\AppData\Local\Programs\MiKTeX\tex/generic/pgf/utilities
\pgfkeys.code.tex))
(C:\Users\Abhishek Soni\AppData\Local\Programs\MiKTeX\tex/latex/pgf/math\pgfmat
h.sty
(C:\Users\Abhishek Soni\AppData\Local\Programs\MiKTeX\tex/generic/pgf/math\pgfm
ath.code.tex))
(C:\Users\Abhishek Soni\AppData\Local\Programs\MiKTeX\tex/generic/pgf/utilities
\pgffor.code.tex
Package: pgffor 2025-08-29 v3.1.11a (3.1.11a)
\pgffor@iter=\dimen295
\pgffor@skip=\dimen296
\pgffor@stack=\toks44
\pgffor@toks=\toks45
))
(C:\Users\Abhishek Soni\AppData\Local\Programs\MiKTeX\tex/generic/pgf/frontendl
ayer/tikz\tikz.code.tex
Package: tikz 2025-08-29 v3.1.11a (3.1.11a)

(C:\Users\Abhishek Soni\AppData\Local\Programs\MiKTeX\tex/generic/pgf/libraries
\pgflibraryplothandlers.code.tex
File: pgflibraryplothandlers.code.tex 2025-08-29 v3.1.11a (3.1.11a)
\pgf@plot@mark@count=\count338
\pgfplotmarksize=\dimen297
)
\tikz@lastx=\dimen298
\tikz@lasty=\dimen299
\tikz@lastxsaved=\dimen300
\tikz@lastysaved=\dimen301
\tikz@lastmovetox=\dimen302
\tikz@lastmovetoy=\dimen303
\tikzleveldistance=\dimen304
\tikzsiblingdistance=\dimen305
\tikz@figbox=\box73
\tikz@figbox@bg=\box74
\tikz@tempbox=\box75
\tikz@tempbox@bg=\box76
\tikztreelevel=\count339
\tikznumberofchildren=\count340
\tikznumberofcurrentchild=\count341
\tikz@fig@count=\count342

(C:\Users\Abhishek Soni\AppData\Local\Programs\MiKTeX\tex/generic/pgf/modules\p
gfmodulematrix.code.tex
File: pgfmodulematrix.code.tex 2025-08-29 v3.1.11a (3.1.11a)
\pgfmatrixcurrentrow=\count343
\pgfmatrixcurrentcolumn=\count344
\pgf@matrix@numberofcolumns=\count345
)
\tikz@expandcount=\count346

(C:\Users\Abhishek Soni\AppData\Local\Programs\MiKTeX\tex/generic/pgf/frontendl
ayer/tikz/libraries\tikzlibrarytopaths.code.tex
File: tikzlibrarytopaths.code.tex 2025-08-29 v3.1.11a (3.1.11a)
)))
(C:\Users\Abhishek Soni\AppData\Local\Programs\MiKTeX\tex/generic/pgf/libraries
\pgflibraryarrows.meta.code.tex
File: pgflibraryarrows.meta.code.tex 2025-08-29 v3.1.11a (3.1.11a)
\pgfarrowinset=\dimen306
\pgfarrowlength=\dimen307
\pgfarrowwidth=\dimen308
\pgfarrowlinewidth=\dimen309
)
(C:\Users\Abhishek Soni\AppData\Local\Programs\MiKTeX\tex/generic/pgf/frontendl
ayer/tikz/libraries\tikzlibrarypositioning.code.tex
File: tikzlibrarypositioning.code.tex 2025-08-29 v3.1.11a (3.1.11a)
)
(C:\Users\Abhishek Soni\AppData\Local\Programs\MiKTeX\tex/generic/pgf/frontendl
ayer/tikz/libraries\tikzlibraryshapes.geometric.code.tex
File: tikzlibraryshapes.geometric.code.tex 2025-08-29 v3.1.11a (3.1.11a)

(C:\Users\Abhishek Soni\AppData\Local\Programs\MiKTeX\tex/generic/pgf/libraries
/shapes\pgflibraryshapes.geometric.code.tex
File: pgflibraryshapes.geometric.code.tex 2025-08-29 v3.1.11a (3.1.11a)
))
(C:\Users\Abhishek Soni\AppData\Local\Programs\MiKTeX\tex/generic/pgf/frontendl
ayer/tikz/libraries\tikzlibrarycalc.code.tex
File: tikzlibrarycalc.code.tex 2025-08-29 v3.1.11a (3.1.11a)
)
(C:\Users\Abhishek Soni\AppData\Local\Programs\MiKTeX\tex/latex/l3backend\l3bac
kend-pdftex.def
File: l3backend-pdftex.def 2025-10-09 L3 backend support: PDF output (pdfTeX)
\l__color_backend_stack_int=\count347
) (main.aux)
\openout1 = `main.aux'.

LaTeX Font Info:    Checking defaults for OML/cmm/m/it on input line 52.
LaTeX Font Info:    ... okay on input line 52.
LaTeX Font Info:    Checking defaults for OMS/cmsy/m/n on input line 52.
LaTeX Font Info:    ... okay on input line 52.
LaTeX Font Info:    Checking defaults for OT1/cmr/m/n on input line 52.
LaTeX Font Info:    ... okay on input line 52.
LaTeX Font Info:    Checking defaults for T1/cmr/m/n on input line 52.
LaTeX Font Info:    ... okay on input line 52.
LaTeX Font Info:    Checking defaults for TS1/cmr/m/n on input line 52.
LaTeX Font Info:    ... okay on input line 52.
LaTeX Font Info:    Checking defaults for OMX/cmex/m/n on input line 52.
LaTeX Font Info:    ... okay on input line 52.
LaTeX Font Info:    Checking defaults for U/cmr/m/n on input line 52.
LaTeX Font Info:    ... okay on input line 52.
LaTeX Font Info:    Checking defaults for PD1/pdf/m/n on input line 52.
LaTeX Font Info:    ... okay on input line 52.
LaTeX Font Info:    Checking defaults for PU/pdf/m/n on input line 52.
LaTeX Font Info:    ... okay on input line 52.

(C:\Users\Abhishek Soni\AppData\Local\Programs\MiKTeX\tex/context/base/mkii\sup
p-pdf.mkii
[Loading MPS to PDF converter (version 2006.09.02).]
\scratchcounter=\count348
\scratchdimen=\dimen310
\scratchbox=\box77
\nofMPsegments=\count349
\nofMParguments=\count350
\everyMPshowfont=\toks46
\MPscratchCnt=\count351
\MPscratchDim=\dimen311
\MPnumerator=\count352
\makeMPintoPDFobject=\count353
\everyMPtoPDFconversion=\toks47
)
(C:\Users\Abhishek Soni\AppData\Local\Programs\MiKTeX\tex/latex/epstopdf-pkg\ep
stopdf-base.sty
Package: epstopdf-base 2020-01-24 v2.11 Base part for package epstopdf
Package epstopdf-base Info: Redefining graphics rule for `.eps' on input line 4
85.

(C:\Users\Abhishek Soni\AppData\Local\Programs\MiKTeX\tex/latex/00miktex\epstop
df-sys.cfg
File: epstopdf-sys.cfg 2021/03/18 v2.0 Configuration of epstopdf for MiKTeX
))
Package hyperref Info: Link coloring OFF on input line 52.
 (main.out) (main.out)
\@outlinefile=\write4
\openout4 = `main.out'.


*geometry* driver: auto-detecting
*geometry* detected driver: pdftex
*geometry* verbose mode - [ preamble ] result:
* driver: pdftex
* paper: a4paper
* layout: <same size as paper>
* layoutoffset:(h,v)=(0.0pt,0.0pt)
* modes: 
* h-part:(L,W,R)=(72.26999pt, 452.9679pt, 72.26999pt)
* v-part:(T,H,B)=(72.26999pt, 700.50687pt, 72.26999pt)
* \paperwidth=597.50787pt
* \paperheight=845.04684pt
* \textwidth=452.9679pt
* \textheight=700.50687pt
* \oddsidemargin=0.0pt
* \evensidemargin=0.0pt
* \topmargin=-37.0pt
* \headheight=12.0pt
* \headsep=25.0pt
* \topskip=12.0pt
* \footskip=30.0pt
* \marginparwidth=35.0pt
* \marginparsep=10.0pt
* \columnsep=10.0pt
* \skip\footins=10.8pt plus 4.0pt minus 2.0pt
* \hoffset=0.0pt
* \voffset=0.0pt
* \mag=1000
* \@twocolumnfalse
* \@twosidefalse
* \@mparswitchfalse
* \@reversemarginfalse
* (1in=72.27pt=25.4mm, 1cm=28.453pt)

Package hyperref Info: Option `pageanchor' set `false' on input line 56.
LaTeX Font Info:    Trying to load font information for U+msa on input line 69.


(C:\Users\Abhishek Soni\AppData\Local\Programs\MiKTeX\tex/latex/amsfonts\umsa.f
d
File: umsa.fd 2013/01/14 v3.01 AMS symbols A
)
LaTeX Font Info:    Trying to load font information for U+msb on input line 69.


(C:\Users\Abhishek Soni\AppData\Local\Programs\MiKTeX\tex/latex/amsfonts\umsb.f
d
File: umsb.fd 2013/01/14 v3.01 AMS symbols B
) [1

{C:/Users/Abhishek Soni/AppData/Local/MiKTeX/fonts/map/pdftex/pdftex.map}] [2] 
[1

]
<figures/greenwich_logo.png, id=402, 216.81pt x 79.2561pt>
File: figures/greenwich_logo.png Graphic file (type png)
<use figures/greenwich_logo.png>
Package pdftex.def Info: figures/greenwich_logo.png  used on input line 115.
(pdftex.def)             Requested size: 181.18439pt x 66.23604pt.

Underfull \hbox (badness 10000) in paragraph at lines 124--125

 []

[2 <./figures/greenwich_logo.png>] [3

] (main.toc [4

] [5])
\tf@toc=\write5
\openout5 = `main.toc'.

 [6] (main.lof
[7

] [8])
\tf@lof=\write6
\openout6 = `main.lof'.

 [9] (main.lot [10

])
\tf@lot=\write7
\openout7 = `main.lot'.

 [11] [12

]
Package hyperref Info: Option `pageanchor' set `true' on input line 210.

Chapter 1.
[1

] [2] [3] [4] [5] [6]
Chapter 2.
[7

] [8] [9] [10] [11]
<figures/ensemble_evaluation_1_prediction.png, id=913, 1034.1837pt x 514.5624pt
>
File: figures/ensemble_evaluation_1_prediction.png Graphic file (type png)
<use figures/ensemble_evaluation_1_prediction.png>
Package pdftex.def Info: figures/ensemble_evaluation_1_prediction.png  used on 
input line 355.
(pdftex.def)             Requested size: 385.02547pt x 191.5707pt.
<figures/ensemble_evaluation_3_uncertainty.png, id=914, 1126.6893pt x 441.5697p
t>
File: figures/ensemble_evaluation_3_uncertainty.png Graphic file (type png)
<use figures/ensemble_evaluation_3_uncertainty.png>
Package pdftex.def Info: figures/ensemble_evaluation_3_uncertainty.png  used on
 input line 362.
(pdftex.def)             Requested size: 385.02547pt x 150.89981pt.


LaTeX Warning: `h' float specifier changed to `ht'.

[12 <./figures/ensemble_evaluation_1_prediction.png>] [13 <./figures/ensemble_e
valuation_3_uncertainty.png>] [14] [15] [16] [17] [18] [19]
Chapter 3.
[20

] [21]
Overfull \hbox (0.96092pt too wide) in paragraph at lines 490--490
[]|\OT1/cmr/bx/n/10.95 Priority|  
 []


Overfull \hbox (3.39609pt too wide) in paragraph at lines 502--502
[]|\OT1/cmr/m/n/10.95 FR10|  
 []


Overfull \hbox (3.39609pt too wide) in paragraph at lines 504--504
[]|\OT1/cmr/m/n/10.95 FR11|  
 []


Overfull \hbox (3.39609pt too wide) in paragraph at lines 505--505
[]|\OT1/cmr/m/n/10.95 FR12|  
 []


LaTeX Warning: `h' float specifier changed to `ht'.


Overfull \hbox (0.96092pt too wide) in paragraph at lines 524--524
[]|\OT1/cmr/bx/n/10.95 Priority|  
 []


LaTeX Warning: `h' float specifier changed to `ht'.


Overfull \hbox (52.46613pt too wide) in paragraph at lines 588--589
 [][] 
 []


LaTeX Warning: `h' float specifier changed to `ht'.

[22]
<figures/ensemble_evaluation_2_error.png, id=1046, 1148.73164pt x 441.5697pt>
File: figures/ensemble_evaluation_2_error.png Graphic file (type png)
<use figures/ensemble_evaluation_2_error.png>
Package pdftex.def Info: figures/ensemble_evaluation_2_error.png  used on input
 line 610.
(pdftex.def)             Requested size: 385.02547pt x 148.00256pt.


LaTeX Warning: `h' float specifier changed to `ht'.

[23]

LaTeX Warning: `h' float specifier changed to `ht'.

[24 <./figures/ensemble_evaluation_2_error.png>] [25]
Overfull \hbox (79.33597pt too wide) in paragraph at lines 712--713
 [][] 
 []


LaTeX Warning: `h' float specifier changed to `ht'.

<figures/final_engine_50_timeline.png, id=1083, 968.05666pt x 858.5676pt>
File: figures/final_engine_50_timeline.png Graphic file (type png)
<use figures/final_engine_50_timeline.png>
Package pdftex.def Info: figures/final_engine_50_timeline.png  used on input li
ne 722.
(pdftex.def)             Requested size: 430.31812pt x 381.6487pt.

LaTeX Warning: `h' float specifier changed to `ht'.

[26]

LaTeX Warning: `h' float specifier changed to `ht'.

[27] [28 <./figures/final_engine_50_timeline.png>] [29] [30] [31]
Chapter 4.
[32

] [33] [34] [35] [36]
<figures/uncertainty_vs_error.png, id=1179, 1011.78pt x 361.35pt>
File: figures/uncertainty_vs_error.png Graphic file (type png)
<use figures/uncertainty_vs_error.png>
Package pdftex.def Info: figures/uncertainty_vs_error.png  used on input line 9
70.
(pdftex.def)             Requested size: 385.02547pt x 137.5074pt.
 [37 <./figures/uncertainty_vs_error.png>] [38]
[39]
<figures/report_summary_dashboard.png, id=1219, 1436.4867pt x 807.015pt>
File: figures/report_summary_dashboard.png Graphic file (type png)
<use figures/report_summary_dashboard.png>
Package pdftex.def Info: figures/report_summary_dashboard.png  used on input li
ne 1011.
(pdftex.def)             Requested size: 430.31812pt x 241.74925pt.
 [40 <./figures/report_summary_dashboard.png>]
<figures/final_engine_134_timeline.png, id=1229, 967.6953pt x 858.5676pt>
File: figures/final_engine_134_timeline.png Graphic file (type png)
<use figures/final_engine_134_timeline.png>
Package pdftex.def Info: figures/final_engine_134_timeline.png  used on input l
ine 1029.
(pdftex.def)             Requested size: 430.31812pt x 381.79282pt.


LaTeX Warning: `h' float specifier changed to `ht'.

<figures/final_engine_200_timeline.png, id=1230, 967.33395pt x 858.5676pt>
File: figures/final_engine_200_timeline.png Graphic file (type png)
<use figures/final_engine_200_timeline.png>
Package pdftex.def Info: figures/final_engine_200_timeline.png  used on input l
ine 1036.
(pdftex.def)             Requested size: 430.31812pt x 381.93692pt.

LaTeX Warning: `h' float specifier changed to `ht'.

[41] [42 <./figures/final_engine_134_timeline.png>] [43 <./figures/final_engine
_200_timeline.png>]
Chapter 5.

LaTeX Warning: `h' float specifier changed to `ht'.

<figures/report_exp1_layer2_isolation.png, id=1251, 1290.9831pt x 405.6756pt>
File: figures/report_exp1_layer2_isolation.png Graphic file (type png)
<use figures/report_exp1_layer2_isolation.png>
Package pdftex.def Info: figures/report_exp1_layer2_isolation.png  used on inpu
t line 1091.
(pdftex.def)             Requested size: 430.31812pt x 135.2228pt.

LaTeX Warning: `h' float specifier changed to `ht'.

[44

]

LaTeX Warning: `h' float specifier changed to `ht'.

[45 <./figures/report_exp1_layer2_isolation.png>]
<figures/report_exp2_full_system.png, id=1267, 1292.1876pt x 405.6756pt>
File: figures/report_exp2_full_system.png Graphic file (type png)
<use figures/report_exp2_full_system.png>
Package pdftex.def Info: figures/report_exp2_full_system.png  used on input lin
e 1131.
(pdftex.def)             Requested size: 430.31812pt x 135.099pt.
 [46 <./figures/report_exp2_full_system.png>]
<figures/report_exp3_safety_contribution.png, id=1275, 1291.224pt x 405.6756pt>

File: figures/report_exp3_safety_contribution.png Graphic file (type png)
<use figures/report_exp3_safety_contribution.png>
Package pdftex.def Info: figures/report_exp3_safety_contribution.png  used on i
nput line 1145.
(pdftex.def)             Requested size: 430.31812pt x 135.19185pt.
 [47 <./figures/report_exp3_safety_contribution.png>]
<figures/experiment_3_threshold_baseline.png, id=1283, 1292.54895pt x 520.344pt
>
File: figures/experiment_3_threshold_baseline.png Graphic file (type png)
<use figures/experiment_3_threshold_baseline.png>
Package pdftex.def Info: figures/experiment_3_threshold_baseline.png  used on i
nput line 1156.
(pdftex.def)             Requested size: 430.31812pt x 173.23055pt.
 [48 <./figures/experiment_3_threshold_baseline.png>]
<figures/report_cost_analysis.png, id=1289, 1147.1658pt x 891.5709pt>
File: figures/report_cost_analysis.png Graphic file (type png)
<use figures/report_cost_analysis.png>
Package pdftex.def Info: figures/report_cost_analysis.png  used on input line 1
180.
(pdftex.def)             Requested size: 430.31812pt x 334.4335pt.
<figures/final_result_chart.png, id=1293, 1011.78pt x 433.62pt>
File: figures/final_result_chart.png Graphic file (type png)
<use figures/final_result_chart.png>
Package pdftex.def Info: figures/final_result_chart.png  used on input line 119
2.
(pdftex.def)             Requested size: 430.31812pt x 184.42169pt.
 [49 <./figures/report_cost_analysis.png>] [50 <./figures/final_result_chart.pn
g>] [51]
Overfull \hbox (4.894pt too wide) in paragraph at lines 1238--1254
 [][] 
 []

[52] [53] [54] [55] [56]
Chapter 6.
[57

] [58] [59] [60] [61]
Chapter 7.
[62

] [63] [64]
Underfull \hbox (badness 1810) in paragraph at lines 1427--1428
[]\OT1/cmr/m/n/12 All fi-nan-cial pro-jec-tions were based on sim-u-lated out-c
omes and industry-
 []

[65] [66] (main.bbl [67

] [68] [69] [70]) [71]
Appendix A.
[72

]
Overfull \hbox (3.03896pt too wide) in paragraph at lines 1496--1511
 [][] 
 []

[73] [74]
Appendix B.

LaTeX Warning: `h' float specifier changed to `ht'.

[75

]
Overfull \hbox (26.71992pt too wide) in paragraph at lines 1604--1618
 [][] 
 []


LaTeX Warning: `h' float specifier changed to `ht'.

[76] [77]
<figures/report_ppo_vs_dqn.png, id=1528, 930.5967pt x 734.0223pt>
File: figures/report_ppo_vs_dqn.png Graphic file (type png)
<use figures/report_ppo_vs_dqn.png>
Package pdftex.def Info: figures/report_ppo_vs_dqn.png  used on input line 1701
.
(pdftex.def)             Requested size: 430.31812pt x 339.4128pt.
 [78]
<figures/report_ppo_statistical.png, id=1534, 1075.1367pt x 335.8146pt>
File: figures/report_ppo_statistical.png Graphic file (type png)
<use figures/report_ppo_statistical.png>
Package pdftex.def Info: figures/report_ppo_statistical.png  used on input line
 1710.
(pdftex.def)             Requested size: 430.31812pt x 134.40544pt.


LaTeX Warning: `h' float specifier changed to `ht'.

[79 <./figures/report_ppo_vs_dqn.png>] [80 <./figures/report_ppo_statistical.pn
g>]
Appendix C.
[81

] [82] [83] [84]
Appendix D.
[85

] [86]
Appendix E.
<figures/experiment_1_layer2_ablation.png, id=1577, 1436.7276pt x 521.7894pt>
File: figures/experiment_1_layer2_ablation.png Graphic file (type png)
<use figures/experiment_1_layer2_ablation.png>
Package pdftex.def Info: figures/experiment_1_layer2_ablation.png  used on inpu
t line 1942.
(pdftex.def)             Requested size: 385.02547pt x 139.82608pt.
<figures/experiment_2_full_system.png, id=1580, 1436.7276pt x 521.7894pt>
File: figures/experiment_2_full_system.png Graphic file (type png)
<use figures/experiment_2_full_system.png>
Package pdftex.def Info: figures/experiment_2_full_system.png  used on input li
ne 1949.
(pdftex.def)             Requested size: 385.02547pt x 139.82608pt.

LaTeX Warning: `h' float specifier changed to `ht'.

<figures/report_cost_executive_summary.png, id=1583, 858.3267pt x 425.1885pt>
File: figures/report_cost_executive_summary.png Graphic file (type png)
<use figures/report_cost_executive_summary.png>
Package pdftex.def Info: figures/report_cost_executive_summary.png  used on inp
ut line 1956.
(pdftex.def)             Requested size: 407.66833pt x 201.94716pt.

LaTeX Warning: `h' float specifier changed to `ht'.

[87

 <./figures/experiment_1_layer2_ablation.png>]

LaTeX Warning: `h' float specifier changed to `ht'.

[88 <./figures/experiment_2_full_system.png> <./figures/report_cost_executive_s
ummary.png>] [89]
Appendix F.

Overfull \hbox (6.06432pt too wide) in paragraph at lines 2011--2025
 [][] 
 []


LaTeX Warning: `h' float specifier changed to `ht'.

[90

]
<figures/report_test_results.png, id=1607, 927.465pt x 317.2653pt>
File: figures/report_test_results.png Graphic file (type png)
<use figures/report_test_results.png>
Package pdftex.def Info: figures/report_test_results.png  used on input line 20
31.
(pdftex.def)             Requested size: 430.31812pt x 147.20248pt.
 [91 <./figures/report_test_results.png>] [92] [93]
<figures/dashboard_01_sidebyside_top.png, id=1624, 1440.88312pt x 702.37407pt>
File: figures/dashboard_01_sidebyside_top.png Graphic file (type png)
<use figures/dashboard_01_sidebyside_top.png>
Package pdftex.def Info: figures/dashboard_01_sidebyside_top.png  used on input
 line 2104.
(pdftex.def)             Requested size: 416.72963pt x 203.13667pt.
<figures/dashboard_01_sidebyside_bot.png, id=1625, 1123.19624pt x 481.04718pt>
File: figures/dashboard_01_sidebyside_bot.png Graphic file (type png)
<use figures/dashboard_01_sidebyside_bot.png>
Package pdftex.def Info: figures/dashboard_01_sidebyside_bot.png  used on input
 line 2105.
(pdftex.def)             Requested size: 416.72963pt x 178.47646pt.
<figures/dashboard_02_jackpot_top.png, id=1626, 1436.36626pt x 692.5875pt>
File: figures/dashboard_02_jackpot_top.png Graphic file (type png)
<use figures/dashboard_02_jackpot_top.png>
Package pdftex.def Info: figures/dashboard_02_jackpot_top.png  used on input li
ne 2112.
(pdftex.def)             Requested size: 416.72963pt x 200.94034pt.
<figures/dashboard_02_jackpot_bot.png, id=1627, 1160.83687pt x 437.38406pt>
File: figures/dashboard_02_jackpot_bot.png Graphic file (type png)
<use figures/dashboard_02_jackpot_bot.png>
Package pdftex.def Info: figures/dashboard_02_jackpot_bot.png  used on input li
ne 2113.
(pdftex.def)             Requested size: 416.72963pt x 157.01765pt.
<figures/dashboard_03_override_top.png, id=1628, 1440.88312pt x 695.59875pt>
File: figures/dashboard_03_override_top.png Graphic file (type png)
<use figures/dashboard_03_override_top.png>
Package pdftex.def Info: figures/dashboard_03_override_top.png  used on input l
ine 2120.
(pdftex.def)             Requested size: 416.72963pt x 201.17715pt.
<figures/dashboard_03_override_bot.png, id=1629, 1122.44344pt x 421.575pt>
File: figures/dashboard_03_override_bot.png Graphic file (type png)
<use figures/dashboard_03_override_bot.png>
Package pdftex.def Info: figures/dashboard_03_override_bot.png  used on input l
ine 2121.
(pdftex.def)             Requested size: 416.72963pt x 156.51422pt.
<figures/dashboard_04_heavynoise_top.png, id=1630, 1142.01656pt x 420.06938pt>
File: figures/dashboard_04_heavynoise_top.png Graphic file (type png)
<use figures/dashboard_04_heavynoise_top.png>
Package pdftex.def Info: figures/dashboard_04_heavynoise_top.png  used on input
 line 2128.
(pdftex.def)             Requested size: 416.72963pt x 153.28238pt.
<figures/dashboard_04_heavynoise_bot.png, id=1631, 1434.10782pt x 703.12688pt>
File: figures/dashboard_04_heavynoise_bot.png Graphic file (type png)
<use figures/dashboard_04_heavynoise_bot.png>
Package pdftex.def Info: figures/dashboard_04_heavynoise_bot.png  used on input
 line 2129.
(pdftex.def)             Requested size: 416.72963pt x 204.30927pt.
 [94 <./figures/dashboard_01_sidebyside_top.png> <./figures/dashboard_01_sideby
side_bot.png>] [95 <./figures/dashboard_02_jackpot_top.png> <./figures/dashboar
d_02_jackpot_bot.png>]
[96 <./figures/dashboard_03_override_top.png> <./figures/dashboard_03_override_
bot.png>] [97 <./figures/dashboard_04_heavynoise_top.png> <./figures/dashboard_
04_heavynoise_bot.png>] [98]
Appendix G.
[99

] [100]
Overfull \hbox (49.48792pt too wide) in paragraph at lines 2190--2210
 [][] 
 []

[101] [102]
Underfull \hbox (badness 10000) in paragraph at lines 2258--2259
[]|\OT1/cmr/bx/n/10.95 Alternatives
 []


Underfull \hbox (badness 10000) in paragraph at lines 2260--2260
[]|\OT1/cmr/m/n/10.95 Forecasting
 []


Underfull \hbox (badness 2096) in paragraph at lines 2260--2260
\OT1/cmr/m/n/10.95 MAPSS with mod-er-ate com-pute
 []


Underfull \hbox (badness 10000) in paragraph at lines 2260--2261
[]|\OT1/cmr/m/n/10.95 Transformer,
 []


Underfull \hbox (badness 10000) in paragraph at lines 2260--2261
\OT1/cmr/m/n/10.95 CNN-LSTM,
 []


Underfull \hbox (badness 10000) in paragraph at lines 2261--2261
[]|\OT1/cmr/m/n/10.95 Uncertainty
 []


Underfull \hbox (badness 10000) in paragraph at lines 2261--2262
[]|\OT1/cmr/m/n/10.95 MC Dropout,
 []


Underfull \hbox (badness 10000) in paragraph at lines 2262--2262
[]|\OT1/cmr/m/n/10.95 Control
 []


Underfull \hbox (badness 1694) in paragraph at lines 2262--2262
[]|\OT1/cmr/m/n/10.95 Direct op-ti-mi-sa-tion of se-quen-tial
 []


Overfull \hbox (5.8234pt too wide) in paragraph at lines 2256--2266
 [][] 
 []


LaTeX Warning: `h' float specifier changed to `ht'.

[103] [104]
Appendix H.

Underfull \hbox (badness 10000) in paragraph at lines 2293--2293
[]|\OT1/cmr/m/n/10.95 DQN al-go-rithm (Stable-
 []


Underfull \hbox (badness 10000) in paragraph at lines 2297--2297
[]|\OT1/cmr/m/n/10.95 NASA C-MAPSS dataset
 []


Underfull \hbox (badness 1033) in paragraph at lines 2297--2298
[]|$\OML/cmm/m/it/10.95 ^^[$\OT1/cmr/m/n/10.95 -gated two-tier safety su-per-vi
-sor: confidence-
 []


Underfull \hbox (badness 10000) in paragraph at lines 2301--2302
[]|\OT1/cmr/m/n/10.95 Four-dimensional ob-ser-va-tion de-sign:
 []


Underfull \hbox (badness 10000) in paragraph at lines 2301--2302
\OT1/cmr/m/n/10.95 [\OML/cmm/m/it/10.95 ^^V[]; ^^[[]; ^^[[]; []\OT1/cmr/m/n/10.
95 ]$ sep-a-rat-ing in-stan-
 []


Underfull \hbox (badness 3482) in paragraph at lines 2301--2302
\OT1/cmr/m/n/10.95 ta-neous vs. smoothed un-cer-tainty for ro-bust
 []


Underfull \hbox (badness 7925) in paragraph at lines 2303--2303
[]|\OT1/cmr/m/n/10.95 Welch's $\OML/cmm/m/it/10.95 t$\OT1/cmr/m/n/10.95 -test /
 Co-hen's $\OML/cmm/m/it/10.95 d$
 []


LaTeX Warning: `h' float specifier changed to `ht'.

[105

] [106] [107] (main.aux)
 ***********
LaTeX2e <2025-11-01>
L3 programming layer <2025-12-24>
 ***********
Package rerunfilecheck Info: File `main.out' has not changed.
(rerunfilecheck)             Checksum: F1367A9F691E62CD67D56032E738BA19;17239.
 ) 
Here is how much of TeX's memory you used:
 24757 strings out of 467872
 468391 string characters out of 5414483
 909495 words of memory out of 5000000
 52859 multiletter control sequences out of 15000+600000
 643831 words of font info for 101 fonts, out of 8000000 for 9000
 1141 hyphenation exceptions out of 8191
 84i,15n,104p,1558b,863s stack positions out of 10000i,1000n,20000p,200000b,200000s
 <C:\Users\Abhishek Soni\AppData\Local\MiKTeX\fonts/pk/ljfour/jknappen/ec/dpi
600\tcbx1095.pk> <C:\Users\Abhishek Soni\AppData\Local\MiKTeX\fonts/pk/ljfour/j
knappen/ec/dpi600\tcrm1200.pk><C:/Users/Abhishek Soni/AppData/Local/Programs/Mi
KTeX/fonts/type1/public/amsfonts/cm/cmbx10.pfb><C:/Users/Abhishek Soni/AppData/
Local/Programs/MiKTeX/fonts/type1/public/amsfonts/cm/cmbx12.pfb><C:/Users/Abhis
hek Soni/AppData/Local/Programs/MiKTeX/fonts/type1/public/amsfonts/cm/cmbxti10.
pfb><C:/Users/Abhishek Soni/AppData/Local/Programs/MiKTeX/fonts/type1/public/am
sfonts/cm/cmcsc10.pfb><C:/Users/Abhishek Soni/AppData/Local/Programs/MiKTeX/fon
ts/type1/public/amsfonts/cm/cmex10.pfb><C:/Users/Abhishek Soni/AppData/Local/Pr
ograms/MiKTeX/fonts/type1/public/amsfonts/cmextra/cmex8.pfb><C:/Users/Abhishek 
Soni/AppData/Local/Programs/MiKTeX/fonts/type1/public/amsfonts/cm/cmmi10.pfb><C
:/Users/Abhishek Soni/AppData/Local/Programs/MiKTeX/fonts/type1/public/amsfonts
/cm/cmmi12.pfb><C:/Users/Abhishek Soni/AppData/Local/Programs/MiKTeX/fonts/type
1/public/amsfonts/cm/cmmi6.pfb><C:/Users/Abhishek Soni/AppData/Local/Programs/M
iKTeX/fonts/type1/public/amsfonts/cm/cmmi8.pfb><C:/Users/Abhishek Soni/AppData/
Local/Programs/MiKTeX/fonts/type1/public/amsfonts/cm/cmr10.pfb><C:/Users/Abhish
ek Soni/AppData/Local/Programs/MiKTeX/fonts/type1/public/amsfonts/cm/cmr12.pfb>
<C:/Users/Abhishek Soni/AppData/Local/Programs/MiKTeX/fonts/type1/public/amsfon
ts/cm/cmr6.pfb><C:/Users/Abhishek Soni/AppData/Local/Programs/MiKTeX/fonts/type
1/public/amsfonts/cm/cmr8.pfb><C:/Users/Abhishek Soni/AppData/Local/Programs/Mi
KTeX/fonts/type1/public/amsfonts/cm/cmsy10.pfb><C:/Users/Abhishek Soni/AppData/
Local/Programs/MiKTeX/fonts/type1/public/amsfonts/cm/cmsy6.pfb><C:/Users/Abhish
ek Soni/AppData/Local/Programs/MiKTeX/fonts/type1/public/amsfonts/cm/cmsy7.pfb>
<C:/Users/Abhishek Soni/AppData/Local/Programs/MiKTeX/fonts/type1/public/amsfon
ts/cm/cmsy8.pfb><C:/Users/Abhishek Soni/AppData/Local/Programs/MiKTeX/fonts/typ
e1/public/amsfonts/cm/cmti12.pfb><C:/Users/Abhishek Soni/AppData/Local/Programs
/MiKTeX/fonts/type1/public/amsfonts/cm/cmti8.pfb><C:/Users/Abhishek Soni/AppDat
a/Local/Programs/MiKTeX/fonts/type1/public/amsfonts/cm/cmtt10.pfb><C:/Users/Abh
ishek Soni/AppData/Local/Programs/MiKTeX/fonts/type1/public/amsfonts/cm/cmtt12.
pfb><C:/Users/Abhishek Soni/AppData/Local/Programs/MiKTeX/fonts/type1/public/am
sfonts/symbols/msbm10.pfb>
Output written on main.pdf (121 pages, 9403402 bytes).
PDF statistics:
 1930 PDF objects out of 2073 (max. 8388607)
 369 named destinations out of 1000 (max. 500000)
 918 words of extra memory for PDF output out of 10000 (max. 10000000)

